<?xml version="1.0" encoding="utf-8"?><testsuites name="pytest tests"><testsuite name="pytest" errors="0" failures="0" skipped="1" tests="12" time="9.347" timestamp="2026-07-15T17:35:26.154805+00:00" hostname="agent-env-3714552f-d4e6-4d80-bc1f-8d825d0fa95d"><testcase classname="backend.tests.test_iteration22_pw_reset_and_remit_fund.TestForgotPassword" name="test_known_email_returns_generic_and_writes_nonce" time="0.451" /><testcase classname="backend.tests.test_iteration22_pw_reset_and_remit_fund.TestForgotPassword" name="test_unknown_email_returns_same_generic_message" time="0.004" /><testcase classname="backend.tests.test_iteration22_pw_reset_and_remit_fund.TestForgotPassword" name="test_rate_limit_caps_nonce_creation_to_3_per_hour" time="0.776" /><testcase classname="backend.tests.test_iteration22_pw_reset_and_remit_fund.TestResetPassword" name="test_bogus_token_returns_400" time="0.002" /><testcase classname="backend.tests.test_iteration22_pw_reset_and_remit_fund.TestResetPassword" name="test_valid_token_resets_password_and_burns_nonce" time="1.072" /><testcase classname="backend.tests.test_iteration22_pw_reset_and_remit_fund.TestResetPassword" name="test_wrong_purpose_token_rejected" time="0.231" /><testcase classname="backend.tests.test_iteration22_pw_reset_and_remit_fund.TestRemitFund" name="test_fund_happy_path_card" time="2.032" /><testcase classname="backend.tests.test_iteration22_pw_reset_and_remit_fund.TestRemitFund" name="test_fund_sanctioned_corridor_blocked_403" time="0.233" /><testcase classname="backend.tests.test_iteration22_pw_reset_and_remit_fund.TestRemitFund" name="test_fund_apple_pay_and_bank_succeed[apple_pay]" time="1.771" /><testcase classname="backend.tests.test_iteration22_pw_reset_and_remit_fund.TestRemitFund" name="test_fund_apple_pay_and_bank_succeed[bank]" time="1.324"><skipped type="pytest.xfail" message="BUG: Stripe returns 400 'A value is required for payment_method_options[customer_balance][funding_type]'. _payment_method_types_for('bank') returns ['card','customer_balance'] but the Session.create call does not set payment_method_options.customer_balance.funding_type (e.g. 'bank_transfer') nor payment_method_types constraints for bank_transfer type. See /app/backend/server.py:1977 and 2073." /></testcase><testcase classname="backend.tests.test_iteration22_pw_reset_and_remit_fund.TestRemitFund" name="test_fund_requires_auth" time="0.002" /><testcase classname="backend.tests.test_iteration22_pw_reset_and_remit_fund.TestRemitSendUnchanged" name="test_remit_send_endpoint_still_exists" time="1.326" /></testsuite></testsuites>