<?xml version="1.0" encoding="utf-8"?><testsuites name="pytest tests"><testsuite name="pytest" errors="0" failures="0" skipped="0" tests="11" time="5.737" timestamp="2026-09-25T20:44:16.146855+00:00" hostname="agent-env-3714552f-d4e6-4d80-bc1f-8d825d0fa95d"><testcase classname="backend.tests.test_iteration26_investor_onepager.TestOnepagerRequest" name="test_full_fields_happy_path" time="0.210" /><testcase classname="backend.tests.test_iteration26_investor_onepager.TestOnepagerRequest" name="test_minimal_fields" time="0.073" /><testcase classname="backend.tests.test_iteration26_investor_onepager.TestOnepagerRequest" name="test_invalid_email_422" time="0.071" /><testcase classname="backend.tests.test_iteration26_investor_onepager.TestOnepagerRequest" name="test_repeat_returns_already_requested" time="0.146" /><testcase classname="backend.tests.test_iteration26_investor_onepager.TestOnepagerDownload" name="test_missing_token_422" time="0.074" /><testcase classname="backend.tests.test_iteration26_investor_onepager.TestOnepagerDownload" name="test_tampered_signature_403" time="0.154" /><testcase classname="backend.tests.test_iteration26_investor_onepager.TestOnepagerDownload" name="test_valid_token_streams_pdf" time="0.212" /><testcase classname="backend.tests.test_iteration26_investor_onepager.TestOnepagerDownload" name="test_expired_token_403" time="0.071" /><testcase classname="backend.tests.test_iteration26_investor_onepager.TestAdminLeads" name="test_admin_leads_no_auth_403" time="0.076" /><testcase classname="backend.tests.test_iteration26_investor_onepager.TestRegressions" name="test_waitlist_join_inbound" time="0.075" /><testcase classname="backend.tests.test_iteration26_investor_onepager.TestRegressions" name="test_remit_reverse_quote_ng_to_gbp" time="4.479" /></testsuite></testsuites>