<?xml version="1.0" encoding="utf-8"?><testsuites name="pytest tests"><testsuite name="pytest" errors="0" failures="1" skipped="1" tests="18" time="4.728" timestamp="2026-06-26T08:50:36.915429+00:00" hostname="agent-env-3714552f-d4e6-4d80-bc1f-8d825d0fa95d"><testcase classname="backend.tests.test_iteration3.TestEthKeypair" name="test_register_produces_real_eth_address" time="0.567" /><testcase classname="backend.tests.test_iteration3.TestEthKeypair" name="test_export_returns_address_and_pk" time="0.048"><failure message="AssertionError: Bad PK fmt: daf45364cd...&#10;assert None&#10; +  where None = &lt;built-in method match of re.Pattern object at 0xff4a9f0413f0&gt;('daf45364cdc14d758ba368be09e8a392d175830f3345fff6c96fca658a645ba8')&#10; +    where &lt;built-in method match of re.Pattern object at 0xff4a9f0413f0&gt; = re.compile('^0x[0-9a-fA-F]{64}$').match">backend/tests/test_iteration3.py:55: in test_export_returns_address_and_pk
    assert PK_RE.match(d["private_key"]), f"Bad PK fmt: {d['private_key'][:10]}..."
E   AssertionError: Bad PK fmt: daf45364cd...
E   assert None
E    +  where None = &lt;built-in method match of re.Pattern object at 0xff4a9f0413f0&gt;('daf45364cdc14d758ba368be09e8a392d175830f3345fff6c96fca658a645ba8')
E    +    where &lt;built-in method match of re.Pattern object at 0xff4a9f0413f0&gt; = re.compile('^0x[0-9a-fA-F]{64}$').match</failure></testcase><testcase classname="backend.tests.test_iteration3.TestEthKeypair" name="test_export_requires_auth" time="0.042" /><testcase classname="backend.tests.test_iteration3.TestEthInfo" name="test_eth_info_shape" time="0.534" /><testcase classname="backend.tests.test_iteration3.TestEthInfo" name="test_eth_info_requires_auth" time="0.046" /><testcase classname="backend.tests.test_iteration3.TestWalletAssetsOnChain" name="test_eth_row_is_on_chain" time="0.143" /><testcase classname="backend.tests.test_iteration3.TestEthSend" name="test_send_eth_insufficient_returns_400" time="0.509" /><testcase classname="backend.tests.test_iteration3.TestEthSend" name="test_send_eth_bad_address" time="0.042" /><testcase classname="backend.tests.test_iteration3.TestEthSend" name="test_legacy_send_blocks_eth" time="0.043" /><testcase classname="backend.tests.test_iteration3.TestEthSend" name="test_legacy_send_btc_still_works" time="0.084" /><testcase classname="backend.tests.test_iteration3.TestStripeLive" name="test_deposit_checkout_returns_real_url" time="0.611" /><testcase classname="backend.tests.test_iteration3.TestStripeLive" name="test_subscription_checkout_returns_real_url" time="0.659" /><testcase classname="backend.tests.test_iteration3.TestStripeLive" name="test_portal_requires_customer" time="0.312" /><testcase classname="backend.tests.test_iteration3.TestDailyLive" name="test_create_room_returns_real_url" time="0.308" /><testcase classname="backend.tests.test_iteration3.TestProPinning" name="test_non_pro_chronological" time="0.047" /><testcase classname="backend.tests.test_iteration3.TestProPinning" name="test_pro_user_pins_priority" time="0.265"><skipped type="pytest.skip" message="smoke account is not pro; pinning ordering not testable without DB write">/app/backend/tests/test_iteration3.py:206: smoke account is not pro; pinning ordering not testable without DB write</skipped></testcase><testcase classname="backend.tests.test_iteration3.TestRegression" name="test_smoke_login" time="0.265" /><testcase classname="backend.tests.test_iteration3.TestRegression" name="test_fiat_deposit_still_works" time="0.043" /></testsuite></testsuites>