<?xml version="1.0" encoding="utf-8"?><testsuites name="pytest tests"><testsuite name="pytest" errors="0" failures="0" skipped="0" tests="12" time="2.028" timestamp="2026-06-26T13:37:34.800484+00:00" hostname="agent-env-3714552f-d4e6-4d80-bc1f-8d825d0fa95d"><testcase classname="backend.tests.test_iteration8.TestHealth" name="test_health_returns_ok_no_auth" time="0.304" /><testcase classname="backend.tests.test_iteration8.TestHealth" name="test_health_does_not_require_bearer" time="0.113" /><testcase classname="backend.tests.test_iteration8.TestCORS" name="test_preflight_wildcard_fallback_no_credentials" time="0.075" /><testcase classname="backend.tests.test_iteration8.TestCORS" name="test_actual_request_cors_header_present" time="0.149" /><testcase classname="backend.tests.test_iteration8.TestContactsSort" name="test_contacts_sorted_alphabetically" time="0.358" /><testcase classname="backend.tests.test_iteration8.TestRegression" name="test_login_smoketest" time="0.271" /><testcase classname="backend.tests.test_iteration8.TestRegression" name="test_auth_me" time="0.050" /><testcase classname="backend.tests.test_iteration8.TestRegression" name="test_wallet_assets" time="0.428" /><testcase classname="backend.tests.test_iteration8.TestRegression" name="test_chat_conversations" time="0.057" /><testcase classname="backend.tests.test_iteration8.TestRegression" name="test_transactions" time="0.048" /><testcase classname="backend.tests.test_iteration8.TestRegression" name="test_cosigners" time="0.046" /><testcase classname="backend.tests.test_iteration8.TestRegression" name="test_approvals_pending" time="0.049" /></testsuite></testsuites>