<?xml version="1.0" encoding="utf-8"?><testsuites name="pytest tests"><testsuite name="pytest" errors="0" failures="1" skipped="0" tests="21" time="5.236" timestamp="2026-06-26T14:23:52.491143+00:00" hostname="agent-env-3714552f-d4e6-4d80-bc1f-8d825d0fa95d"><testcase classname="backend.tests.test_iteration11.TestFreshUserEthNative" name="test_eth_mnemonic_endpoint_returns_200_for_fresh" time="0.598" /><testcase classname="backend.tests.test_iteration11.TestFreshUserEthNative" name="test_fresh_user_has_eth_address_derivable_from_mnemonic" time="0.194" /><testcase classname="backend.tests.test_iteration11.TestLegacyBackfillTagsOrigin" name="test_btc_info_triggers_backfill_for_legacy" time="0.670" /><testcase classname="backend.tests.test_iteration11.TestLegacyBackfillTagsOrigin" name="test_eth_mnemonic_endpoint_returns_409_for_legacy" time="0.047"><failure message="AssertionError: expected 409 for multichain_only user, got 200: {&quot;address&quot;:&quot;0x1b92496c0847ceede67d53161b1dd17a03b17cbf&quot;,&quot;mnemonic&quot;:&quot;prevent rose village dog collect artist feel north mistake primary surprise lonely&quot;,&quot;word_count&quot;:12,&quot;network&quot;:&quot;Sepolia (chain id 11155111)&quot;,&quot;warning&quot;:&quot;Anyone with these 12 words controls your wallet.&quot;}&#10;assert 200 == 409&#10; +  where 200 = &lt;Response [200]&gt;.status_code">backend/tests/test_iteration11.py:122: in test_eth_mnemonic_endpoint_returns_409_for_legacy
    assert r.status_code == 409, (
E   AssertionError: expected 409 for multichain_only user, got 200: {"address":"0x1b92496c0847ceede67d53161b1dd17a03b17cbf","mnemonic":"prevent rose village dog collect artist feel north mistake primary surprise lonely","word_count":12,"network":"Sepolia (chain id 11155111)","warning":"Anyone with these 12 words controls your wallet."}
E   assert 200 == 409
E    +  where 200 = &lt;Response [200]&gt;.status_code</failure></testcase><testcase classname="backend.tests.test_iteration11.TestLegacyBackfillTagsOrigin" name="test_legacy_eth_info_still_returns_address" time="0.484" /><testcase classname="backend.tests.test_iteration11.TestIter10Regression" name="test_legacy_btc_info_200" time="0.286" /><testcase classname="backend.tests.test_iteration11.TestIter10Regression" name="test_legacy_sol_info_200" time="0.264" /><testcase classname="backend.tests.test_iteration11.TestIter10Regression" name="test_legacy_usdc_info_200" time="0.150" /><testcase classname="backend.tests.test_iteration11.TestIter10Regression" name="test_legacy_assets_has_all_three" time="0.828" /><testcase classname="backend.tests.test_iteration11.TestIter10Regression" name="test_fresh_btc_info" time="0.293" /><testcase classname="backend.tests.test_iteration11.TestIter10Regression" name="test_fresh_sol_info" time="0.190" /><testcase classname="backend.tests.test_iteration11.TestIter10Regression" name="test_fresh_eth_info" time="0.234" /><testcase classname="backend.tests.test_iteration11.TestIter10Regression" name="test_fresh_usdc_info" time="0.166" /><testcase classname="backend.tests.test_iteration11.TestIter9Regression" name="test_health_get" time="0.160" /><testcase classname="backend.tests.test_iteration11.TestIter9Regression" name="test_health_head" time="0.141" /><testcase classname="backend.tests.test_iteration11.TestIter9Regression" name="test_contacts_alphabetical" time="0.050" /><testcase classname="backend.tests.test_iteration11.TestIter9Regression" name="test_usdc_send_invalid_address" time="0.050" /><testcase classname="backend.tests.test_iteration11.TestIter9Regression" name="test_usdc_send_short_hex" time="0.047" /><testcase classname="backend.tests.test_iteration11.TestIter9Regression" name="test_usdc_send_valid_zero_balance" time="0.148" /><testcase classname="backend.tests.test_iteration11.TestIter9Regression" name="test_transactions_export_csv" time="0.049" /><testcase classname="backend.tests.test_iteration11.TestIter9Regression" name="test_chat_send_crypto_one_on_one_no_5xx" time="0.101" /></testsuite></testsuites>