<?xml version="1.0" encoding="utf-8"?><testsuites name="pytest tests"><testsuite name="pytest" errors="0" failures="0" skipped="0" tests="34" time="5.242" timestamp="2026-07-08T20:21:22.150519+00:00" hostname="agent-env-3714552f-d4e6-4d80-bc1f-8d825d0fa95d"><testcase classname="tests.test_iteration17_kyc_error.TestStripeIdentityNotActivated" name="test_not_set_up_error_becomes_friendly_503" time="0.284" /><testcase classname="tests.test_iteration17_kyc_error.TestStripeGenericError" name="test_generic_stripe_error_returns_502" time="0.007" /><testcase classname="tests.test_iteration17_kyc_error.TestStripeHappyPath" name="test_successful_session_creation" time="0.010" /><testcase classname="tests.test_iteration18_kyc_force_new.TestForceNewReuses" name="test_reuses_existing_session" time="0.010" /><testcase classname="tests.test_iteration18_kyc_force_new.TestForceNewCreatesFresh" name="test_force_new_cancels_and_creates" time="0.012" /><testcase classname="tests.test_iteration18_kyc_force_new.TestForceNewToleratesCancelFailure" name="test_cancel_failure_is_swallowed" time="0.010" /><testcase classname="tests.test_iteration18_kyc_force_new.TestBackwardCompat" name="test_empty_body_defaults_to_reuse" time="0.010" /><testcase classname="tests.test_iteration19_compliance_health.TestScreenSanctionsFallback" name="test_no_api_key_returns_degraded" time="0.001" /><testcase classname="tests.test_iteration19_compliance_health.TestScreenSanctionsFallback" name="test_empty_name_returns_degraded" time="0.000" /><testcase classname="tests.test_iteration19_compliance_health.TestScreenSanctionsFallback" name="test_whitespace_name_returns_degraded" time="0.000" /><testcase classname="tests.test_iteration19_compliance_health.TestConfigSnapshot" name="test_config_status_shape" time="0.000" /><testcase classname="tests.test_iteration19_compliance_health.TestHealthNoKey" name="test_health_without_key" time="0.000" /><testcase classname="tests.test_iteration19_compliance_health.TestAdminGate" name="test_health_without_admin_returns_403" time="0.002" /><testcase classname="tests.test_iteration19_compliance_health.TestAdminGate" name="test_health_no_admin_configured_returns_403" time="0.001" /><testcase classname="tests.test_iteration19_compliance_health.TestAdminGate" name="test_health_with_admin_returns_200" time="0.001" /><testcase classname="tests.test_iteration19_compliance_health.TestAdminGate" name="test_screen_endpoint_returns_full_shape" time="0.002" /><testcase classname="tests.test_iteration19_compliance_health.TestKycStatusSurfacesDegraded" name="test_kyc_status_shape_includes_degraded_fields" time="0.002" /><testcase classname="tests.test_iteration19_compliance_health.TestStrictModeGate" name="test_strict_off_allows_degraded_user" time="1.347" /><testcase classname="tests.test_iteration19_compliance_health.TestStrictModeGate" name="test_strict_on_blocks_degraded_user" time="0.012" /><testcase classname="tests.test_iteration19_compliance_health.TestStrictModeGate" name="test_strict_on_allows_healthy_user" time="0.848" /><testcase classname="tests.test_iteration20_audit_log.TestAuditWrite" name="test_write_event_persists_and_hashes_email" time="0.021" /><testcase classname="tests.test_iteration20_audit_log.TestAuditWrite" name="test_write_event_never_raises_on_db_failure" time="0.011" /><testcase classname="tests.test_iteration20_audit_log.TestEventTypeConstants" name="test_all_expected_events_defined" time="0.010" /><testcase classname="tests.test_iteration20_audit_log.TestAdminAuditLogEndpoint" name="test_requires_admin" time="0.012" /><testcase classname="tests.test_iteration20_audit_log.TestAdminAuditLogEndpoint" name="test_no_admin_configured_returns_403" time="0.012" /><testcase classname="tests.test_iteration20_audit_log.TestAdminAuditLogEndpoint" name="test_event_types_endpoint" time="0.012" /><testcase classname="tests.test_iteration20_audit_log.TestAdminAuditLogEndpoint" name="test_list_endpoint_returns_pagination_shape" time="0.012" /><testcase classname="tests.test_iteration20_audit_log.TestAdminAuditLogEndpoint" name="test_unknown_event_type_returns_400" time="0.013" /><testcase classname="tests.test_iteration20_audit_log.TestAdminAuditLogEndpoint" name="test_user_summary_endpoint" time="0.015" /><testcase classname="tests.test_iteration20_audit_log.TestRemitSendBlockedWritesAudit" name="test_corridor_blocked_writes_two_events" time="0.322" /><testcase classname="tests.test_iteration20_audit_log.TestRemitSendBlockedWritesAudit" name="test_kyc_required_writes_send_blocked" time="1.252" /><testcase classname="tests.test_iteration20_audit_log.TestAdminManualScreenWritesAudit" name="test_manual_screen_writes_event" time="0.320" /><testcase classname="tests.test_iteration20_audit_log.TestAuditLogFiltering" name="test_event_type_filter" time="0.317" /><testcase classname="tests.test_iteration20_audit_log.TestAuditLogFiltering" name="test_user_id_filter" time="0.321" /></testsuite></testsuites>