<?xml version="1.0" encoding="utf-8"?><testsuites name="pytest tests"><testsuite name="pytest" errors="0" failures="0" skipped="0" tests="19" time="8.744" timestamp="2026-06-26T09:46:54.671064+00:00" hostname="agent-env-3714552f-d4e6-4d80-bc1f-8d825d0fa95d"><testcase classname="backend.tests.test_iteration5.TestCosigners" name="test_get_cosigners_empty_for_fresh_user" time="0.673" /><testcase classname="backend.tests.test_iteration5.TestCosigners" name="test_get_cosigners_requires_auth" time="0.140" /><testcase classname="backend.tests.test_iteration5.TestCosigners" name="test_add_cosigner_402_for_non_pro" time="0.126" /><testcase classname="backend.tests.test_iteration5.TestCosigners" name="test_add_cosigner_pro_success_and_shape" time="0.894" /><testcase classname="backend.tests.test_iteration5.TestCosigners" name="test_delete_cosigner" time="0.237" /><testcase classname="backend.tests.test_iteration5.TestMultisigGate" name="test_send_above_threshold_requires_approval" time="0.669" /><testcase classname="backend.tests.test_iteration5.TestMultisigGate" name="test_below_threshold_skips_gate" time="0.851" /><testcase classname="backend.tests.test_iteration5.TestMultisigGate" name="test_non_pro_no_cosigner_no_gate" time="0.680" /><testcase classname="backend.tests.test_iteration5.TestApprovals" name="test_pending_lists_for_user_and_excludes_token" time="0.104" /><testcase classname="backend.tests.test_iteration5.TestApprovals" name="test_pending_requires_auth" time="0.090" /><testcase classname="backend.tests.test_iteration5.TestApprovals" name="test_decide_reject_no_auth_succeeds" time="0.575" /><testcase classname="backend.tests.test_iteration5.TestApprovals" name="test_decide_approve_attempts_broadcast" time="1.054" /><testcase classname="backend.tests.test_iteration5.TestApprovals" name="test_decide_expired_returns_410" time="1.167" /><testcase classname="backend.tests.test_iteration5.TestApprovals" name="test_decide_invalid_token" time="0.096" /><testcase classname="backend.tests.test_iteration5.TestRegression" name="test_auth_me" time="0.091" /><testcase classname="backend.tests.test_iteration5.TestRegression" name="test_wallet_assets_has_prices_and_sparklines" time="0.440" /><testcase classname="backend.tests.test_iteration5.TestRegression" name="test_wallet_eth_info" time="0.414" /><testcase classname="backend.tests.test_iteration5.TestRegression" name="test_wallet_eth_mnemonic" time="0.101" /><testcase classname="backend.tests.test_iteration5.TestRegression" name="test_market_prices_still_works" time="0.188" /></testsuite></testsuites>