<?xml version="1.0" encoding="utf-8"?><testsuites name="pytest tests"><testsuite name="pytest" errors="0" failures="0" skipped="0" tests="21" time="4.320" timestamp="2026-06-26T09:23:04.467633+00:00" hostname="agent-env-3714552f-d4e6-4d80-bc1f-8d825d0fa95d"><testcase classname="backend.tests.test_iteration4.TestMarketPrices" name="test_market_prices_auth_required" time="0.288" /><testcase classname="backend.tests.test_iteration4.TestMarketPrices" name="test_market_prices_shape" time="0.352" /><testcase classname="backend.tests.test_iteration4.TestMarketPrices" name="test_sparkline_has_points" time="0.043" /><testcase classname="backend.tests.test_iteration4.TestMarketPrices" name="test_cache_returns_same_fetched_at" time="0.085" /><testcase classname="backend.tests.test_iteration4.TestWalletAssetsMarket" name="test_assets_have_market_fields" time="0.314" /><testcase classname="backend.tests.test_iteration4.TestWalletAssetsMarket" name="test_total_usd_reflects_live_prices" time="0.146" /><testcase classname="backend.tests.test_iteration4.TestMnemonic" name="test_register_assigns_eth_address" time="0.000" /><testcase classname="backend.tests.test_iteration4.TestMnemonic" name="test_mnemonic_endpoint_returns_12_words" time="0.044" /><testcase classname="backend.tests.test_iteration4.TestMnemonic" name="test_mnemonic_requires_auth" time="0.081" /><testcase classname="backend.tests.test_iteration4.TestMnemonic" name="test_mnemonic_derives_to_wallet_address" time="0.190" /><testcase classname="backend.tests.test_iteration4.TestOnboarding" name="test_onboarding_complete_flow" time="0.167" /><testcase classname="backend.tests.test_iteration4.TestOnboarding" name="test_onboarding_requires_auth" time="0.041" /><testcase classname="backend.tests.test_iteration4.TestRegression" name="test_login_smoke" time="0.304" /><testcase classname="backend.tests.test_iteration4.TestRegression" name="test_eth_info_still_works" time="0.325" /><testcase classname="backend.tests.test_iteration4.TestRegression" name="test_eth_export_still_works" time="0.041" /><testcase classname="backend.tests.test_iteration4.TestRegression" name="test_stripe_deposit_checkout" time="0.575" /><testcase classname="backend.tests.test_iteration4.TestRegression" name="test_stripe_subscription_checkout" time="0.768" /><testcase classname="backend.tests.test_iteration4.TestRegression" name="test_calls_room" time="0.282" /><testcase classname="backend.tests.test_iteration4.TestRegression" name="test_conversations_list" time="0.050" /><testcase classname="backend.tests.test_iteration4.TestRegression" name="test_send_e2e_message" time="0.086" /><testcase classname="backend.tests.test_iteration4.TestRegression" name="test_legacy_btc_send" time="0.045" /></testsuite></testsuites>