<?xml version="1.0" encoding="utf-8"?><testsuites name="pytest tests"><testsuite name="pytest" errors="0" failures="1" skipped="0" tests="21" time="5.179" timestamp="2026-06-26T13:06:52.609686+00:00" hostname="agent-env-3714552f-d4e6-4d80-bc1f-8d825d0fa95d"><testcase classname="backend.tests.test_iteration7.TestContacts" name="test_contacts_returned" time="0.704" /><testcase classname="backend.tests.test_iteration7.TestContacts" name="test_contacts_sorted_alphabetically" time="0.161"><failure message="AssertionError: Contacts not sorted alphabetically: ['Maya Chen', 'Daniel Park', 'Vault Support']&#10;assert ['Maya Chen',...ault Support'] == ['Daniel Park...ault Support']&#10;  &#10;  At index 0 diff: 'Maya Chen' != 'Daniel Park'&#10;  &#10;  Full diff:&#10;    [&#10;  +     'Maya Chen',&#10;        'Daniel Park',...&#10;  &#10;  ...Full output truncated (3 lines hidden), use '-vv' to show">backend/tests/test_iteration7.py:71: in test_contacts_sorted_alphabetically
    assert names == sorted(names, key=lambda s: s.lower()), (
E   AssertionError: Contacts not sorted alphabetically: ['Maya Chen', 'Daniel Park', 'Vault Support']
E   assert ['Maya Chen',...ault Support'] == ['Daniel Park...ault Support']
E     
E     At index 0 diff: 'Maya Chen' != 'Daniel Park'
E     
E     Full diff:
E       [
E     +     'Maya Chen',
E           'Daniel Park',...
E     
E     ...Full output truncated (3 lines hidden), use '-vv' to show</failure></testcase><testcase classname="backend.tests.test_iteration7.TestGroupChats" name="test_create_group_and_appears_in_conversations" time="0.393" /><testcase classname="backend.tests.test_iteration7.TestGroupChats" name="test_group_create_rejects_bad_contact_id" time="0.145" /><testcase classname="backend.tests.test_iteration7.TestInChatCryptoSend" name="test_group_send_requires_to_contact_id" time="0.377" /><testcase classname="backend.tests.test_iteration7.TestInChatCryptoSend" name="test_group_send_rejects_non_member" time="0.139" /><testcase classname="backend.tests.test_iteration7.TestInChatCryptoSend" name="test_group_send_balance_check_fires_last" time="0.633" /><testcase classname="backend.tests.test_iteration7.TestInChatCryptoSend" name="test_one_on_one_ignores_to_contact_id" time="0.571" /><testcase classname="backend.tests.test_iteration7.TestCSVExport" name="test_export_requires_auth" time="0.101" /><testcase classname="backend.tests.test_iteration7.TestCSVExport" name="test_export_csv_headers" time="0.109" /><testcase classname="backend.tests.test_iteration7.TestCSVExport" name="test_export_filter_by_asset" time="0.117" /><testcase classname="backend.tests.test_iteration7.TestCSVExport" name="test_export_filter_by_type" time="0.094" /><testcase classname="backend.tests.test_iteration7.TestCSVExport" name="test_export_filter_by_date" time="0.108" /><testcase classname="backend.tests.test_iteration7.TestPushRegistration" name="test_route_exists_and_serializes" time="0.226" /><testcase classname="backend.tests.test_iteration7.TestPushRegistration" name="test_route_validates_body" time="0.103" /><testcase classname="backend.tests.test_iteration7.TestRegression" name="test_login_smoke" time="0.327" /><testcase classname="backend.tests.test_iteration7.TestRegression" name="test_wallet_assets" time="0.351" /><testcase classname="backend.tests.test_iteration7.TestRegression" name="test_conversations" time="0.096" /><testcase classname="backend.tests.test_iteration7.TestRegression" name="test_cosigners" time="0.106" /><testcase classname="backend.tests.test_iteration7.TestRegression" name="test_approvals_pending" time="0.094" /><testcase classname="backend.tests.test_iteration7.TestRegression" name="test_transactions" time="0.110" /></testsuite></testsuites>