<?xml version="1.0" encoding="utf-8"?><testsuites name="pytest tests"><testsuite name="pytest" errors="0" failures="0" skipped="0" tests="3" time="0.933" timestamp="2026-07-08T17:42:05.737233+00:00" hostname="agent-env-3714552f-d4e6-4d80-bc1f-8d825d0fa95d"><testcase classname="tests.test_iteration17_kyc_error.TestStripeIdentityNotActivated" name="test_not_set_up_error_becomes_friendly_503" time="0.285" /><testcase classname="tests.test_iteration17_kyc_error.TestStripeGenericError" name="test_generic_stripe_error_returns_502" time="0.008" /><testcase classname="tests.test_iteration17_kyc_error.TestStripeHappyPath" name="test_successful_session_creation" time="0.012" /></testsuite></testsuites>