<?xml version="1.0" encoding="utf-8"?><testsuites name="pytest tests"><testsuite name="pytest" errors="0" failures="0" skipped="0" tests="11" time="3.731" timestamp="2026-06-26T12:01:48.524504+00:00" hostname="agent-env-3714552f-d4e6-4d80-bc1f-8d825d0fa95d"><testcase classname="backend.tests.test_iteration6.TestBiometricFlag" name="test_me_returns_biometric_enabled_field" time="0.749" /><testcase classname="backend.tests.test_iteration6.TestBiometricFlag" name="test_patch_security_enable_biometric" time="0.262" /><testcase classname="backend.tests.test_iteration6.TestBiometricFlag" name="test_patch_security_disable_biometric" time="0.252" /><testcase classname="backend.tests.test_iteration6.TestBiometricFlag" name="test_patch_security_requires_auth" time="0.095" /><testcase classname="backend.tests.test_iteration6.TestBiometricFlag" name="test_patch_security_coerces_truthy_values" time="0.266" /><testcase classname="backend.tests.test_iteration6.TestRegression" name="test_login_smoketest_account" time="0.322" /><testcase classname="backend.tests.test_iteration6.TestRegression" name="test_login_with_freshly_registered_user" time="0.316" /><testcase classname="backend.tests.test_iteration6.TestRegression" name="test_wallet_assets" time="0.556" /><testcase classname="backend.tests.test_iteration6.TestRegression" name="test_cosigners_empty_for_fresh_user" time="0.106" /><testcase classname="backend.tests.test_iteration6.TestRegression" name="test_approvals_pending_empty" time="0.110" /><testcase classname="backend.tests.test_iteration6.TestResendFromEnv" name="test_cosigner_add_does_not_crash_backend" time="0.555" /></testsuite></testsuites>