<?xml version="1.0" encoding="utf-8"?><testsuites name="pytest tests"><testsuite name="pytest" errors="0" failures="0" skipped="0" tests="14" time="10.883" timestamp="2026-09-26T09:43:55.901297+00:00" hostname="agent-env-3714552f-d4e6-4d80-bc1f-8d825d0fa95d"><testcase classname="backend.tests.test_iter28_stripe_router_refactor.TestServerLoaded" name="test_health_ok" time="0.004" /><testcase classname="backend.tests.test_iter28_stripe_router_refactor.TestServerLoaded" name="test_openapi_has_exactly_six_stripe_endpoints" time="0.027" /><testcase classname="backend.tests.test_iter28_stripe_router_refactor.TestStripeAuthGuards" name="test_checkout_deposit_unauth" time="0.042" /><testcase classname="backend.tests.test_iter28_stripe_router_refactor.TestStripeAuthGuards" name="test_checkout_subscription_unauth" time="0.002" /><testcase classname="backend.tests.test_iter28_stripe_router_refactor.TestStripeAuthGuards" name="test_sync_unauth" time="0.042" /><testcase classname="backend.tests.test_iter28_stripe_router_refactor.TestStripeAuthGuards" name="test_portal_unauth" time="0.042" /><testcase classname="backend.tests.test_iter28_stripe_router_refactor.TestStripeAuthGuards" name="test_cancel_unauth" time="0.042" /><testcase classname="backend.tests.test_iter28_stripe_router_refactor.TestStripeWebhook" name="test_webhook_invalid_signature" time="0.002" /><testcase classname="backend.tests.test_iter28_stripe_router_refactor.TestStripeWebhook" name="test_webhook_no_signature_valid_body" time="0.003" /><testcase classname="backend.tests.test_iter28_stripe_router_refactor.TestCrossRouterRegressions" name="test_remit_fund_unauth_still_401" time="0.042" /><testcase classname="backend.tests.test_iter28_stripe_router_refactor.TestCrossRouterRegressions" name="test_waitlist_join" time="6.008" /><testcase classname="backend.tests.test_iter28_stripe_router_refactor.TestCrossRouterRegressions" name="test_remit_reverse_quote" time="4.452" /><testcase classname="backend.tests.test_iter28_stripe_router_refactor.TestCrossRouterRegressions" name="test_investor_onepager_request" time="0.043" /><testcase classname="backend.tests.test_iter28_stripe_router_refactor.TestCrossRouterRegressions" name="test_investor_deck_request" time="0.044" /></testsuite></testsuites>