<?xml version="1.0" encoding="utf-8"?><testsuites name="pytest tests"><testsuite name="pytest" errors="0" failures="0" skipped="0" tests="15" time="4.366" timestamp="2026-07-08T14:17:35.727949+00:00" hostname="agent-env-3714552f-d4e6-4d80-bc1f-8d825d0fa95d"><testcase classname="backend.tests.test_iteration14_xlm" name="test_health" time="0.288" /><testcase classname="backend.tests.test_iteration14_xlm" name="test_assets_includes_xlm_and_address" time="1.464" /><testcase classname="backend.tests.test_iteration14_xlm" name="test_xlm_info_shape" time="0.207" /><testcase classname="backend.tests.test_iteration14_xlm" name="test_xlm_info_requires_auth" time="0.051" /><testcase classname="backend.tests.test_iteration14_xlm" name="test_xlm_send_invalid_address_returns_400" time="0.054" /><testcase classname="backend.tests.test_iteration14_xlm" name="test_xlm_send_negative_amount_returns_422" time="0.062" /><testcase classname="backend.tests.test_iteration14_xlm" name="test_xlm_send_zero_amount_returns_422" time="0.063" /><testcase classname="backend.tests.test_iteration14_xlm" name="test_xlm_send_unfunded_source_returns_clean_400" time="0.205" /><testcase classname="backend.tests.test_iteration14_xlm" name="test_xlm_send_requires_auth" time="0.102" /><testcase classname="backend.tests.test_iteration14_xlm" name="test_eth_send_invalid_address_400" time="0.059" /><testcase classname="backend.tests.test_iteration14_xlm" name="test_usdc_send_invalid_address_400" time="0.058" /><testcase classname="backend.tests.test_iteration14_xlm" name="test_btc_send_short_address_400" time="0.058" /><testcase classname="backend.tests.test_iteration14_xlm" name="test_sol_send_short_address_400" time="0.056" /><testcase classname="backend.tests.test_iteration14_xlm" name="test_login_smoketest_account" time="0.275" /><testcase classname="backend.tests.test_iteration14_xlm" name="test_register_returns_xlm_address_indirectly" time="1.276" /></testsuite></testsuites>