<?xml version="1.0" encoding="utf-8"?><testsuites name="pytest tests"><testsuite name="pytest" errors="0" failures="0" skipped="0" tests="21" time="5.195" timestamp="2026-06-26T14:28:08.555345+00:00" hostname="agent-env-3714552f-d4e6-4d80-bc1f-8d825d0fa95d"><testcase classname="backend.tests.test_iteration11.TestFreshUserEthNative" name="test_eth_mnemonic_endpoint_returns_200_for_fresh" time="0.480" /><testcase classname="backend.tests.test_iteration11.TestFreshUserEthNative" name="test_fresh_user_has_eth_address_derivable_from_mnemonic" time="0.198" /><testcase classname="backend.tests.test_iteration11.TestLegacyBackfillTagsOrigin" name="test_btc_info_triggers_backfill_for_legacy" time="0.613" /><testcase classname="backend.tests.test_iteration11.TestLegacyBackfillTagsOrigin" name="test_eth_mnemonic_endpoint_returns_409_for_legacy" time="0.052" /><testcase classname="backend.tests.test_iteration11.TestLegacyBackfillTagsOrigin" name="test_legacy_eth_info_still_returns_address" time="0.384" /><testcase classname="backend.tests.test_iteration11.TestIter10Regression" name="test_legacy_btc_info_200" time="0.265" /><testcase classname="backend.tests.test_iteration11.TestIter10Regression" name="test_legacy_sol_info_200" time="0.308" /><testcase classname="backend.tests.test_iteration11.TestIter10Regression" name="test_legacy_usdc_info_200" time="0.264" /><testcase classname="backend.tests.test_iteration11.TestIter10Regression" name="test_legacy_assets_has_all_three" time="0.579" /><testcase classname="backend.tests.test_iteration11.TestIter10Regression" name="test_fresh_btc_info" time="0.402" /><testcase classname="backend.tests.test_iteration11.TestIter10Regression" name="test_fresh_sol_info" time="0.341" /><testcase classname="backend.tests.test_iteration11.TestIter10Regression" name="test_fresh_eth_info" time="0.335" /><testcase classname="backend.tests.test_iteration11.TestIter10Regression" name="test_fresh_usdc_info" time="0.241" /><testcase classname="backend.tests.test_iteration11.TestIter9Regression" name="test_health_get" time="0.102" /><testcase classname="backend.tests.test_iteration11.TestIter9Regression" name="test_health_head" time="0.109" /><testcase classname="backend.tests.test_iteration11.TestIter9Regression" name="test_contacts_alphabetical" time="0.052" /><testcase classname="backend.tests.test_iteration11.TestIter9Regression" name="test_usdc_send_invalid_address" time="0.049" /><testcase classname="backend.tests.test_iteration11.TestIter9Regression" name="test_usdc_send_short_hex" time="0.050" /><testcase classname="backend.tests.test_iteration11.TestIter9Regression" name="test_usdc_send_valid_zero_balance" time="0.146" /><testcase classname="backend.tests.test_iteration11.TestIter9Regression" name="test_transactions_export_csv" time="0.054" /><testcase classname="backend.tests.test_iteration11.TestIter9Regression" name="test_chat_send_crypto_one_on_one_no_5xx" time="0.103" /></testsuite></testsuites>