<?xml version="1.0" encoding="utf-8"?><testsuites name="pytest tests"><testsuite name="pytest" errors="0" failures="0" skipped="0" tests="17" time="6.295" timestamp="2026-06-26T13:58:56.940897+00:00" hostname="agent-env-3714552f-d4e6-4d80-bc1f-8d825d0fa95d"><testcase classname="backend.tests.test_iteration9.TestMultichainDerivation" name="test_assets_returns_three_addresses" time="1.933" /><testcase classname="backend.tests.test_iteration9.TestMultichainDerivation" name="test_addresses_deterministic_across_endpoints" time="1.027" /><testcase classname="backend.tests.test_iteration9.TestMultichainDerivation" name="test_assets_zero_balances_for_fresh_wallet" time="0.578" /><testcase classname="backend.tests.test_iteration9.TestMultichainDerivation" name="test_assets_networks_correct" time="0.742" /><testcase classname="backend.tests.test_iteration9.TestBtcInfo" name="test_btc_info_shape" time="0.269" /><testcase classname="backend.tests.test_iteration9.TestSolInfo" name="test_sol_info_shape" time="0.182" /><testcase classname="backend.tests.test_iteration9.TestUsdcInfo" name="test_usdc_info_shape" time="0.138" /><testcase classname="backend.tests.test_iteration9.TestUsdcSendValidation" name="test_invalid_address_returns_400" time="0.042" /><testcase classname="backend.tests.test_iteration9.TestUsdcSendValidation" name="test_short_hex_address_returns_400" time="0.043" /><testcase classname="backend.tests.test_iteration9.TestUsdcSendValidation" name="test_valid_address_zero_balance_returns_400_insufficient" time="0.149" /><testcase classname="backend.tests.test_iteration9.TestUsdcSendValidation" name="test_endpoint_exists_not_404" time="0.043" /><testcase classname="backend.tests.test_iteration9.TestRegression" name="test_health_get" time="0.166" /><testcase classname="backend.tests.test_iteration9.TestRegression" name="test_health_head" time="0.100" /><testcase classname="backend.tests.test_iteration9.TestRegression" name="test_login_smoketest" time="0.265" /><testcase classname="backend.tests.test_iteration9.TestRegression" name="test_chat_contacts_alphabetical" time="0.054" /><testcase classname="backend.tests.test_iteration9.TestRegression" name="test_eth_info_still_works" time="0.451" /><testcase classname="backend.tests.test_iteration9.TestRegression" name="test_transactions_export_streams_csv" time="0.048" /></testsuite></testsuites>