<?xml version="1.0" encoding="utf-8"?><testsuites name="pytest tests"><testsuite name="pytest" errors="0" failures="2" skipped="0" tests="23" time="78.917" timestamp="2026-07-08T15:57:57.503270+00:00" hostname="agent-env-3714552f-d4e6-4d80-bc1f-8d825d0fa95d"><testcase classname="backend.tests.test_iteration16.TestLegacyBackfill" name="test_backfill_xlm_xrp_for_legacy_user" time="1.948" /><testcase classname="backend.tests.test_iteration16.TestXRP" name="test_xrp_info" time="0.551" /><testcase classname="backend.tests.test_iteration16.TestXRP" name="test_xrp_send_invalid_address" time="0.044" /><testcase classname="backend.tests.test_iteration16.TestXRP" name="test_xrp_fund_and_send" time="16.523" /><testcase classname="backend.tests.test_iteration16.TestXRP" name="test_xrp_send_over_reserve" time="0.286" /><testcase classname="backend.tests.test_iteration16.TestEVML2" name="test_evm_chains_list" time="1.349" /><testcase classname="backend.tests.test_iteration16.TestEVML2" name="test_evm_send_insufficient_usdc" time="0.496" /><testcase classname="backend.tests.test_iteration16.TestEVML2" name="test_evm_send_bad_chain" time="0.043" /><testcase classname="backend.tests.test_iteration16.TestEVML2" name="test_evm_send_bad_recipient" time="0.043" /><testcase classname="backend.tests.test_iteration16.TestEVML2" name="test_wallet_assets_usdc_by_chain" time="1.616" /><testcase classname="backend.tests.test_iteration16.TestRemitCorridors" name="test_corridors_public" time="0.042" /><testcase classname="backend.tests.test_iteration16.TestRemitQuote" name="test_quote_fresh_user_kenya" time="1.053" /><testcase classname="backend.tests.test_iteration16.TestRemitQuote" name="test_quote_smoketest_is_pro" time="1.455"><failure message="assert False is True">E   assert False is True</failure></testcase><testcase classname="backend.tests.test_iteration16.TestRemitQuote" name="test_quote_bad_source_fiat" time="0.043" /><testcase classname="backend.tests.test_iteration16.TestRemitQuote" name="test_quote_bad_dest" time="0.043" /><testcase classname="backend.tests.test_iteration16.TestRemitQuote" name="test_quote_zero_amount_422" time="0.043" /><testcase classname="backend.tests.test_iteration16.TestRemitQuote" name="test_send_fresh_user_no_balance" time="1.040" /><testcase classname="backend.tests.test_iteration16.TestRemitProBypass" name="test_pro_bypass" time="1.018"><failure message="assert False is True">E   assert False is True</failure></testcase><testcase classname="backend.tests.test_iteration16.TestRemitFreeTierGate" name="test_free_tier_gate" time="48.672" /><testcase classname="backend.tests.test_iteration16.TestRegression" name="test_xlm_info" time="0.192" /><testcase classname="backend.tests.test_iteration16.TestRegression" name="test_btc_info" time="0.307" /><testcase classname="backend.tests.test_iteration16.TestRegression" name="test_sol_info" time="0.233" /><testcase classname="backend.tests.test_iteration16.TestRegression" name="test_wallet_assets_all_six" time="1.702" /></testsuite></testsuites>