<?xml version="1.0" encoding="utf-8"?><testsuites name="pytest tests"><testsuite name="pytest" errors="0" failures="0" skipped="2" tests="22" time="86.333" timestamp="2026-09-25T22:17:31.938137+00:00" hostname="agent-env-3714552f-d4e6-4d80-bc1f-8d825d0fa95d"><testcase classname="backend.tests.test_iteration27_growth_and_deck.TestReferralJoin" name="test_valid_ref_increments_counter" time="16.022" /><testcase classname="backend.tests.test_iteration27_growth_and_deck.TestReferralJoin" name="test_idempotent_repeat_same_email_no_increment" time="21.126" /><testcase classname="backend.tests.test_iteration27_growth_and_deck.TestReferralJoin" name="test_invalid_ref_no_increment_no_error" time="5.283" /><testcase classname="backend.tests.test_iteration27_growth_and_deck.TestReferralJoin" name="test_self_referral_no_increment" time="21.101" /><testcase classname="backend.tests.test_iteration27_growth_and_deck.TestReferralJoin" name="test_no_ref_regression" time="5.278" /><testcase classname="backend.tests.test_iteration27_growth_and_deck.TestPositionLookup" name="test_position_happy" time="5.639" /><testcase classname="backend.tests.test_iteration27_growth_and_deck.TestPositionLookup" name="test_position_not_found" time="0.065" /><testcase classname="backend.tests.test_iteration27_growth_and_deck.TestPositionLookup" name="test_position_bad_email" time="0.069" /><testcase classname="backend.tests.test_iteration27_growth_and_deck.TestReferLookup" name="test_refer_happy_redacted" time="5.350" /><testcase classname="backend.tests.test_iteration27_growth_and_deck.TestReferLookup" name="test_refer_not_found" time="0.063" /><testcase classname="backend.tests.test_iteration27_growth_and_deck.TestAdminAnalytics" name="test_daily_signups_no_auth" time="0.072" /><testcase classname="backend.tests.test_iteration27_growth_and_deck.TestAdminAnalytics" name="test_referrals_no_auth" time="0.068" /><testcase classname="backend.tests.test_iteration27_growth_and_deck.TestAdminAnalytics" name="test_daily_signups_with_admin" time="0.387"><skipped type="pytest.skip" message="smoketest is not in ADMIN_EMAILS">/app/backend/tests/test_iteration27_growth_and_deck.py:250: smoketest is not in ADMIN_EMAILS</skipped></testcase><testcase classname="backend.tests.test_iteration27_growth_and_deck.TestAdminAnalytics" name="test_referrals_with_admin" time="0.357"><skipped type="pytest.skip" message="smoketest is not in ADMIN_EMAILS">/app/backend/tests/test_iteration27_growth_and_deck.py:268: smoketest is not in ADMIN_EMAILS</skipped></testcase><testcase classname="backend.tests.test_iteration27_growth_and_deck.TestInvestorDeck" name="test_request_happy" time="0.080" /><testcase classname="backend.tests.test_iteration27_growth_and_deck.TestInvestorDeck" name="test_download_missing_token_422" time="0.073" /><testcase classname="backend.tests.test_iteration27_growth_and_deck.TestInvestorDeck" name="test_download_tampered_403" time="0.141" /><testcase classname="backend.tests.test_iteration27_growth_and_deck.TestInvestorDeck" name="test_download_valid_streams_pdf" time="0.169" /><testcase classname="backend.tests.test_iteration27_growth_and_deck.TestInvestorDeck" name="test_admin_status_no_auth" time="0.073" /><testcase classname="backend.tests.test_iteration27_growth_and_deck.TestInvestorDeck" name="test_admin_upload_no_auth" time="0.153" /><testcase classname="backend.tests.test_iteration27_growth_and_deck.TestRegressions" name="test_onepager_request_regression" time="0.132" /><testcase classname="backend.tests.test_iteration27_growth_and_deck.TestRegressions" name="test_reverse_remit_ng_100000" time="4.371" /></testsuite></testsuites>