<?xml version="1.0" encoding="utf-8"?><testsuites name="pytest tests"><testsuite name="pytest" errors="0" failures="0" skipped="0" tests="14" time="3.935" timestamp="2026-06-26T14:44:44.580073+00:00" hostname="agent-env-3714552f-d4e6-4d80-bc1f-8d825d0fa95d"><testcase classname="backend.tests.test_iteration13.TestBtcSend" name="test_requires_auth" time="0.232" /><testcase classname="backend.tests.test_iteration13.TestBtcSend" name="test_rejects_short_address" time="0.352" /><testcase classname="backend.tests.test_iteration13.TestBtcSend" name="test_rejects_zero_amount" time="0.047" /><testcase classname="backend.tests.test_iteration13.TestBtcSend" name="test_insufficient_btc_returns_400_or_502_not_500" time="1.278" /><testcase classname="backend.tests.test_iteration13.TestSolSend" name="test_requires_auth" time="0.044" /><testcase classname="backend.tests.test_iteration13.TestSolSend" name="test_rejects_short_address" time="0.047" /><testcase classname="backend.tests.test_iteration13.TestSolSend" name="test_rejects_zero_amount" time="0.046" /><testcase classname="backend.tests.test_iteration13.TestSolSend" name="test_insufficient_sol_returns_400_not_500" time="0.228" /><testcase classname="backend.tests.test_iteration13.TestExistingSendsRegression" name="test_eth_send_insufficient_funds_400" time="0.602" /><testcase classname="backend.tests.test_iteration13.TestExistingSendsRegression" name="test_eth_send_invalid_address_400" time="0.050" /><testcase classname="backend.tests.test_iteration13.TestExistingSendsRegression" name="test_usdc_send_invalid_address_400" time="0.055" /><testcase classname="backend.tests.test_iteration13.TestExistingSendsRegression" name="test_usdc_send_insufficient_400" time="0.238" /><testcase classname="backend.tests.test_iteration13.TestWalletAssetsBtcSol" name="test_btc_sol_appear_on_chain" time="0.587" /><testcase classname="backend.tests.test_iteration13.TestRoot" name="test_api_root" time="0.048" /></testsuite></testsuites>