<?xml version="1.0" encoding="utf-8"?><testsuites name="pytest tests"><testsuite name="pytest" errors="0" failures="0" skipped="0" tests="21" time="50.635" timestamp="2026-09-25T20:16:59.002243+00:00" hostname="agent-env-3714552f-d4e6-4d80-bc1f-8d825d0fa95d"><testcase classname="tests.test_iteration25_reverse_remit.TestReverseCorridors" name="test_catalog_shape" time="0.189" /><testcase classname="tests.test_iteration25_reverse_remit.TestReverseQuoteHappy" name="test_quote[GBP-NG]" time="4.140" /><testcase classname="tests.test_iteration25_reverse_remit.TestReverseQuoteHappy" name="test_quote[GBP-KE]" time="2.827" /><testcase classname="tests.test_iteration25_reverse_remit.TestReverseQuoteHappy" name="test_quote[GBP-GH]" time="3.027" /><testcase classname="tests.test_iteration25_reverse_remit.TestReverseQuoteHappy" name="test_quote[GBP-ZA]" time="2.838" /><testcase classname="tests.test_iteration25_reverse_remit.TestReverseQuoteHappy" name="test_quote[EUR-NG]" time="3.033" /><testcase classname="tests.test_iteration25_reverse_remit.TestReverseQuoteHappy" name="test_quote[EUR-KE]" time="2.230" /><testcase classname="tests.test_iteration25_reverse_remit.TestReverseQuoteHappy" name="test_quote[EUR-GH]" time="3.032" /><testcase classname="tests.test_iteration25_reverse_remit.TestReverseQuoteHappy" name="test_quote[EUR-ZA]" time="2.212" /><testcase classname="tests.test_iteration25_reverse_remit.TestReverseQuoteValidation" name="test_below_min" time="0.085" /><testcase classname="tests.test_iteration25_reverse_remit.TestReverseQuoteValidation" name="test_above_max" time="0.082" /><testcase classname="tests.test_iteration25_reverse_remit.TestReverseQuoteValidation" name="test_unsupported_source" time="0.084" /><testcase classname="tests.test_iteration25_reverse_remit.TestReverseQuoteValidation" name="test_unsupported_destination" time="0.079" /><testcase classname="tests.test_iteration25_reverse_remit.TestWaitlistDirection" name="test_inbound_ng" time="6.098" /><testcase classname="tests.test_iteration25_reverse_remit.TestWaitlistDirection" name="test_outbound_explicit" time="6.099" /><testcase classname="tests.test_iteration25_reverse_remit.TestWaitlistDirection" name="test_missing_direction_defaults_outbound" time="6.084" /><testcase classname="tests.test_iteration25_reverse_remit.TestWaitlistDirection" name="test_invalid_direction_defaults_outbound" time="6.079" /><testcase classname="tests.test_iteration25_reverse_remit.TestWaitlistStatsAdmin" name="test_admin_or_403" time="0.390" /><testcase classname="tests.test_iteration25_reverse_remit.TestWaitlistStatsAdmin" name="test_unauthenticated_forbidden" time="0.093" /><testcase classname="tests.test_iteration25_reverse_remit.TestOutboundRegression" name="test_outbound_corridors" time="0.122" /><testcase classname="tests.test_iteration25_reverse_remit.TestOutboundRegression" name="test_outbound_quote_ke" time="1.756" /></testsuite></testsuites>