<?xml version="1.0" encoding="utf-8"?><testsuites name="pytest tests"><testsuite name="pytest" errors="0" failures="0" skipped="0" tests="20" time="3.399" timestamp="2026-07-08T20:04:19.820944+00:00" hostname="agent-env-3714552f-d4e6-4d80-bc1f-8d825d0fa95d"><testcase classname="tests.test_iteration17_kyc_error.TestStripeIdentityNotActivated" name="test_not_set_up_error_becomes_friendly_503" time="0.286" /><testcase classname="tests.test_iteration17_kyc_error.TestStripeGenericError" name="test_generic_stripe_error_returns_502" time="0.008" /><testcase classname="tests.test_iteration17_kyc_error.TestStripeHappyPath" name="test_successful_session_creation" time="0.008" /><testcase classname="tests.test_iteration18_kyc_force_new.TestForceNewReuses" name="test_reuses_existing_session" time="0.011" /><testcase classname="tests.test_iteration18_kyc_force_new.TestForceNewCreatesFresh" name="test_force_new_cancels_and_creates" time="0.013" /><testcase classname="tests.test_iteration18_kyc_force_new.TestForceNewToleratesCancelFailure" name="test_cancel_failure_is_swallowed" time="0.011" /><testcase classname="tests.test_iteration18_kyc_force_new.TestBackwardCompat" name="test_empty_body_defaults_to_reuse" time="0.010" /><testcase classname="tests.test_iteration19_compliance_health.TestScreenSanctionsFallback" name="test_no_api_key_returns_degraded" time="0.001" /><testcase classname="tests.test_iteration19_compliance_health.TestScreenSanctionsFallback" name="test_empty_name_returns_degraded" time="0.000" /><testcase classname="tests.test_iteration19_compliance_health.TestScreenSanctionsFallback" name="test_whitespace_name_returns_degraded" time="0.000" /><testcase classname="tests.test_iteration19_compliance_health.TestConfigSnapshot" name="test_config_status_shape" time="0.000" /><testcase classname="tests.test_iteration19_compliance_health.TestHealthNoKey" name="test_health_without_key" time="0.000" /><testcase classname="tests.test_iteration19_compliance_health.TestAdminGate" name="test_health_without_admin_returns_403" time="0.002" /><testcase classname="tests.test_iteration19_compliance_health.TestAdminGate" name="test_health_no_admin_configured_returns_403" time="0.001" /><testcase classname="tests.test_iteration19_compliance_health.TestAdminGate" name="test_health_with_admin_returns_200" time="0.001" /><testcase classname="tests.test_iteration19_compliance_health.TestAdminGate" name="test_screen_endpoint_returns_full_shape" time="0.001" /><testcase classname="tests.test_iteration19_compliance_health.TestKycStatusSurfacesDegraded" name="test_kyc_status_shape_includes_degraded_fields" time="0.002" /><testcase classname="tests.test_iteration19_compliance_health.TestStrictModeGate" name="test_strict_off_allows_degraded_user" time="2.189" /><testcase classname="tests.test_iteration19_compliance_health.TestStrictModeGate" name="test_strict_on_blocks_degraded_user" time="0.012" /><testcase classname="tests.test_iteration19_compliance_health.TestStrictModeGate" name="test_strict_on_allows_healthy_user" time="0.817" /></testsuite></testsuites>