<?xml version="1.0" encoding="utf-8"?><testsuites name="pytest tests"><testsuite name="pytest" errors="0" failures="0" skipped="0" tests="19" time="5.570" timestamp="2026-06-26T14:09:58.280715+00:00" hostname="agent-env-3714552f-d4e6-4d80-bc1f-8d825d0fa95d"><testcase classname="backend.tests.test_iteration10.TestLegacyBackfill" name="test_eth_info_works_before_backfill" time="0.893" /><testcase classname="backend.tests.test_iteration10.TestLegacyBackfill" name="test_btc_info_returns_200_for_legacy_user" time="0.364" /><testcase classname="backend.tests.test_iteration10.TestLegacyBackfill" name="test_sol_info_returns_200_for_legacy_user" time="0.254" /><testcase classname="backend.tests.test_iteration10.TestLegacyBackfill" name="test_eth_address_unchanged_after_backfill" time="0.326" /><testcase classname="backend.tests.test_iteration10.TestLegacyBackfill" name="test_btc_idempotent_second_call" time="0.290" /><testcase classname="backend.tests.test_iteration10.TestLegacyBackfill" name="test_sol_idempotent_second_call" time="0.189" /><testcase classname="backend.tests.test_iteration10.TestLegacyBackfill" name="test_assets_endpoint_returns_all_three_addresses_for_legacy" time="0.793" /><testcase classname="backend.tests.test_iteration10.TestFreshUserStillWorks" name="test_fresh_btc_info" time="0.549" /><testcase classname="backend.tests.test_iteration10.TestFreshUserStillWorks" name="test_fresh_sol_info" time="0.183" /><testcase classname="backend.tests.test_iteration10.TestFreshUserStillWorks" name="test_fresh_assets_three_addresses" time="0.781" /><testcase classname="backend.tests.test_iteration10.TestFreshUserStillWorks" name="test_fresh_usdc_info" time="0.143" /><testcase classname="backend.tests.test_iteration10.TestIter9Regression" name="test_health_get" time="0.108" /><testcase classname="backend.tests.test_iteration10.TestIter9Regression" name="test_health_head" time="0.199" /><testcase classname="backend.tests.test_iteration10.TestIter9Regression" name="test_contacts_alphabetical" time="0.046" /><testcase classname="backend.tests.test_iteration10.TestIter9Regression" name="test_usdc_send_invalid_address" time="0.043" /><testcase classname="backend.tests.test_iteration10.TestIter9Regression" name="test_usdc_send_short_hex" time="0.042" /><testcase classname="backend.tests.test_iteration10.TestIter9Regression" name="test_usdc_send_valid_zero_balance" time="0.139" /><testcase classname="backend.tests.test_iteration10.TestIter9Regression" name="test_chat_send_crypto_one_on_one" time="0.090" /><testcase classname="backend.tests.test_iteration10.TestIter9Regression" name="test_transactions_export_csv" time="0.046" /></testsuite></testsuites>