<?xml version="1.0" encoding="utf-8"?><testsuites name="pytest tests"><testsuite name="pytest" errors="0" failures="0" skipped="2" tests="21" time="9.497" timestamp="2026-07-15T19:27:15.762752+00:00" hostname="agent-env-3714552f-d4e6-4d80-bc1f-8d825d0fa95d"><testcase classname="tests.test_kotani_offramp.TestOfframpQuote" name="test_quote_success" time="0.550" /><testcase classname="tests.test_kotani_offramp.TestOfframpQuote" name="test_quote_unauthenticated" time="0.057" /><testcase classname="tests.test_kotani_offramp.TestOfframpQuote" name="test_quote_zero_amount_rejected" time="0.046" /><testcase classname="tests.test_kotani_offramp.TestOfframpQuote" name="test_quote_negative_amount_rejected" time="0.047" /><testcase classname="tests.test_kotani_offramp.TestOfframpStatus" name="test_status_unknown_ref_404" time="0.050" /><testcase classname="tests.test_kotani_offramp.TestOfframpStatus" name="test_status_unauth" time="0.048" /><testcase classname="tests.test_kotani_offramp.TestOfframpStatus" name="test_status_owner_can_read" time="0.055" /><testcase classname="tests.test_kotani_offramp.TestOfframpHealth" name="test_health_non_admin_forbidden" time="0.047" /><testcase classname="tests.test_kotani_offramp.TestOfframpHealth" name="test_health_unauth" time="0.052" /><testcase classname="tests.test_kotani_offramp.TestOfframpCallback" name="test_callback_garbage_body" time="0.048" /><testcase classname="tests.test_kotani_offramp.TestOfframpCallback" name="test_callback_invalid_json" time="0.044" /><testcase classname="tests.test_kotani_offramp.TestOfframpCallback" name="test_callback_missing_ref" time="0.050" /><testcase classname="tests.test_kotani_offramp.TestOfframpCallback" name="test_callback_unknown_ref_returns_matched_false" time="0.050" /><testcase classname="tests.test_kotani_offramp.TestOfframpCallback" name="test_callback_success_settles_tx" time="0.049" /><testcase classname="tests.test_kotani_offramp.TestOfframpCallback" name="test_callback_success_envelope_form" time="0.051" /><testcase classname="tests.test_kotani_offramp.TestOfframpCallback" name="test_callback_failed_marks_failed" time="0.053" /><testcase classname="tests.test_kotani_offramp.TestOfframpCallback" name="test_callback_refunded_marks_refunded" time="0.051" /><testcase classname="tests.test_kotani_offramp.TestRemitFundContract" name="test_remit_fund_card_ke_returns_checkout_url" time="1.984" /><testcase classname="tests.test_kotani_signature" name="test_valid_signature_accepted" time="2.833" /><testcase classname="tests.test_kotani_signature" name="test_invalid_signature_rejected" time="0.115"><skipped type="pytest.xfail" message="kotani.py reads env before load_dotenv runs; secret never loaded — see module docstring" /></testcase><testcase classname="tests.test_kotani_signature" name="test_missing_signature_when_secret_set" time="3.105"><skipped type="pytest.xfail" message="kotani.py reads env before load_dotenv runs; secret never loaded — see module docstring" /></testcase></testsuite></testsuites>