<?xml version="1.0" encoding="utf-8"?><testsuites name="pytest tests"><testsuite name="pytest" errors="0" failures="0" skipped="0" tests="33" time="4.268" timestamp="2026-06-23T19:31:05.535279+00:00" hostname="agent-env-3714552f-d4e6-4d80-bc1f-8d825d0fa95d"><testcase classname="backend.tests.test_iteration2.TestAuthMeShape" name="test_me_returns_pro_subscription_public_key" time="0.434" /><testcase classname="backend.tests.test_iteration2.TestKeys" name="test_register_public_key_then_fetch" time="0.138" /><testcase classname="backend.tests.test_iteration2.TestKeys" name="test_register_public_key_too_long_rejected" time="0.046" /><testcase classname="backend.tests.test_iteration2.TestKeys" name="test_get_key_unknown_user_404" time="0.045" /><testcase classname="backend.tests.test_iteration2.TestKeys" name="test_keys_requires_auth" time="0.098" /><testcase classname="backend.tests.test_iteration2.TestEncryptedChat" name="test_send_encrypted_message_persists_nonce_and_flag" time="0.140" /><testcase classname="backend.tests.test_iteration2.TestStripeUnconfigured" name="test_deposit_checkout_503" time="0.049" /><testcase classname="backend.tests.test_iteration2.TestStripeUnconfigured" name="test_subscription_checkout_503" time="0.043" /><testcase classname="backend.tests.test_iteration2.TestStripeUnconfigured" name="test_sync_503" time="0.043" /><testcase classname="backend.tests.test_iteration2.TestStripeUnconfigured" name="test_cancel_503" time="0.076" /><testcase classname="backend.tests.test_iteration2.TestStripeUnconfigured" name="test_stripe_endpoints_require_auth" time="0.173" /><testcase classname="backend.tests.test_iteration2.TestStripeWebhook" name="test_fake_checkout_completed_credits_balance" time="0.434" /><testcase classname="backend.tests.test_iteration2.TestCalls" name="test_calls_room_returns_unconfigured" time="0.052" /><testcase classname="backend.tests.test_iteration2.TestCalls" name="test_calls_room_requires_auth" time="0.050" /><testcase classname="backend.tests.test_iteration2.TestRegression" name="test_login_smoketest_still_works" time="0.267" /><testcase classname="backend.tests.test_iteration2.TestRegression" name="test_wallet_send_still_works" time="0.057" /><testcase classname="backend.tests.test_vaulted_api.TestAuth" name="test_register_creates_user_and_seeds" time="0.387" /><testcase classname="backend.tests.test_vaulted_api.TestAuth" name="test_register_duplicate_rejected" time="0.049" /><testcase classname="backend.tests.test_vaulted_api.TestAuth" name="test_smoke_login" time="0.271" /><testcase classname="backend.tests.test_vaulted_api.TestAuth" name="test_auth_required_endpoints_401" time="0.196" /><testcase classname="backend.tests.test_vaulted_api.TestAuth" name="test_invalid_bearer_token" time="0.046" /><testcase classname="backend.tests.test_vaulted_api.TestWallet" name="test_wallet_assets_seeded" time="0.046" /><testcase classname="backend.tests.test_vaulted_api.TestWallet" name="test_send_debits_and_returns_tx" time="0.149" /><testcase classname="backend.tests.test_vaulted_api.TestWallet" name="test_send_insufficient_balance" time="0.046" /><testcase classname="backend.tests.test_vaulted_api.TestFiat" name="test_deposit_credits_usdc" time="0.142" /><testcase classname="backend.tests.test_vaulted_api.TestFiat" name="test_withdraw_debits_usdc" time="0.051" /><testcase classname="backend.tests.test_vaulted_api.TestFiat" name="test_withdraw_insufficient" time="0.047" /><testcase classname="backend.tests.test_vaulted_api.TestTransactions" name="test_list_includes_welcome_bonus" time="0.052" /><testcase classname="backend.tests.test_vaulted_api.TestChat" name="test_seeded_conversations" time="0.049" /><testcase classname="backend.tests.test_vaulted_api.TestChat" name="test_get_messages_marks_read_and_send" time="0.296" /><testcase classname="backend.tests.test_vaulted_api.TestChat" name="test_messages_unknown_conversation" time="0.049" /><testcase classname="backend.tests.test_vaulted_api.TestSettings" name="test_language_update" time="0.093" /><testcase classname="backend.tests.test_vaulted_api.TestSettings" name="test_security_toggles" time="0.050" /></testsuite></testsuites>