<?xml version="1.0" encoding="utf-8"?><testsuites name="pytest tests"><testsuite name="pytest" errors="0" failures="0" skipped="0" tests="17" time="2.516" timestamp="2026-06-22T15:05:08.418826+00:00" hostname="agent-env-3714552f-d4e6-4d80-bc1f-8d825d0fa95d"><testcase classname="backend.tests.test_vaulted_api.TestAuth" name="test_register_creates_user_and_seeds" time="0.669" /><testcase classname="backend.tests.test_vaulted_api.TestAuth" name="test_register_duplicate_rejected" time="0.051" /><testcase classname="backend.tests.test_vaulted_api.TestAuth" name="test_smoke_login" time="0.274" /><testcase classname="backend.tests.test_vaulted_api.TestAuth" name="test_auth_required_endpoints_401" time="0.213" /><testcase classname="backend.tests.test_vaulted_api.TestAuth" name="test_invalid_bearer_token" time="0.047" /><testcase classname="backend.tests.test_vaulted_api.TestWallet" name="test_wallet_assets_seeded" time="0.050" /><testcase classname="backend.tests.test_vaulted_api.TestWallet" name="test_send_debits_and_returns_tx" time="0.148" /><testcase classname="backend.tests.test_vaulted_api.TestWallet" name="test_send_insufficient_balance" time="0.050" /><testcase classname="backend.tests.test_vaulted_api.TestFiat" name="test_deposit_credits_usdc" time="0.173" /><testcase classname="backend.tests.test_vaulted_api.TestFiat" name="test_withdraw_debits_usdc" time="0.054" /><testcase classname="backend.tests.test_vaulted_api.TestFiat" name="test_withdraw_insufficient" time="0.050" /><testcase classname="backend.tests.test_vaulted_api.TestTransactions" name="test_list_includes_welcome_bonus" time="0.055" /><testcase classname="backend.tests.test_vaulted_api.TestChat" name="test_seeded_conversations" time="0.054" /><testcase classname="backend.tests.test_vaulted_api.TestChat" name="test_get_messages_marks_read_and_send" time="0.263" /><testcase classname="backend.tests.test_vaulted_api.TestChat" name="test_messages_unknown_conversation" time="0.059" /><testcase classname="backend.tests.test_vaulted_api.TestSettings" name="test_language_update" time="0.103" /><testcase classname="backend.tests.test_vaulted_api.TestSettings" name="test_security_toggles" time="0.066" /></testsuite></testsuites>